<?xml version="1.0" encoding="UTF-8"?>
<!-- Generated by org.testng.reporters.JUnitXMLReporter -->
<testsuite ignored="0" hostname="DESKTOP-4RVIL0V" failures="1" tests="1" name="Default test" time="1.347" errors="0" timestamp="2022-12-14T12:01:48 IST">
  <testcase classname="io.cucumber.testng.AbstractTestNGCucumberTests" name="runScenario" time="0.469">
    <failure type="java.lang.NullPointerException" message="Cannot invoke &amp;quot;org.openqa.selenium.WebDriver.get(String)&amp;quot; because &amp;quot;this.driver&amp;quot; is null">
      <![CDATA[java.lang.NullPointerException: Cannot invoke "org.openqa.selenium.WebDriver.get(String)" because "this.driver" is null
at com.base.BaseClass.url(BaseClass.java:91)
at com.nopcommerce.step.StepClassNopCommerce.userShouldNavigateToNopcommerceUrl(StepClassNopCommerce.java:16)
at ✽.user should navigate to nopcommerce url "https://demo.nopcommerce.com/"(file:///E:/Cucumber/Cucumber/src/test/java/FeatureFile/nopcommerce.feature:4)
]]>
    </failure>
  </testcase> <!-- runScenario -->
</testsuite> <!-- Default test -->
