<?xml version="1.0" encoding="UTF-8"?>
<testng-results ignored="0" total="1" passed="0" failed="1" skipped="0">
  <reporter-output>
  </reporter-output>
  <suite started-at="2022-12-14T12:01:46 IST" name="Default suite" finished-at="2022-12-14T12:01:48 IST" duration-ms="1347">
    <groups>
      <group name="cucumber">
        <method signature="AbstractTestNGCucumberTests.runScenario(io.cucumber.testng.PickleWrapper,io.cucumber.testng.FeatureWrapper)[pri:0, instance:com.nopcommerce.runner.RunnerClassNopCommerce@302c971f]" name="runScenario" class="io.cucumber.testng.AbstractTestNGCucumberTests"/>
      </group> <!-- cucumber -->
    </groups>
    <test started-at="2022-12-14T12:01:46 IST" name="Default test" finished-at="2022-12-14T12:01:48 IST" duration-ms="1347">
      <class name="com.nopcommerce.runner.RunnerClassNopCommerce">
        <test-method is-config="true" signature="browserLaunch()[pri:0, instance:com.nopcommerce.runner.RunnerClassNopCommerce@302c971f]" started-at="2022-12-14T12:01:40 IST" name="browserLaunch" finished-at="2022-12-14T12:01:46 IST" duration-ms="6099" status="PASS">
          <reporter-output>
          </reporter-output>
        </test-method> <!-- browserLaunch -->
        <test-method is-config="true" signature="setUpClass(org.testng.ITestContext)[pri:0, instance:com.nopcommerce.runner.RunnerClassNopCommerce@302c971f]" started-at="2022-12-14T12:01:46 IST" name="setUpClass" finished-at="2022-12-14T12:01:47 IST" duration-ms="670" status="PASS">
          <params>
            <param index="0">
              <value>
                <![CDATA[org.testng.TestRunner@17f3eefb]]>
              </value>
            </param>
          </params>
          <reporter-output>
          </reporter-output>
        </test-method> <!-- setUpClass -->
        <test-method signature="runScenario(io.cucumber.testng.PickleWrapper,io.cucumber.testng.FeatureWrapper)[pri:0, instance:com.nopcommerce.runner.RunnerClassNopCommerce@302c971f]" started-at="2022-12-14T12:01:47 IST" name="runScenario" description="Runs Cucumber Scenarios" data-provider="scenarios" finished-at="2022-12-14T12:01:47 IST" duration-ms="469" status="FAIL">
          <params>
            <param index="0">
              <value>
                <![CDATA["Placing order should be successful"]]>
              </value>
            </param>
            <param index="1">
              <value>
                <![CDATA["Optional[Placing order]"]]>
              </value>
            </param>
          </params>
          <exception class="java.lang.NullPointerException">
            <message>
              <![CDATA[Cannot invoke "org.openqa.selenium.WebDriver.get(String)" because "this.driver" is null]]>
            </message>
            <full-stacktrace>
              <![CDATA[java.lang.NullPointerException: Cannot invoke "org.openqa.selenium.WebDriver.get(String)" because "this.driver" is null
at com.base.BaseClass.url(BaseClass.java:91)
at com.nopcommerce.step.StepClassNopCommerce.userShouldNavigateToNopcommerceUrl(StepClassNopCommerce.java:16)
at ✽.user should navigate to nopcommerce url "https://demo.nopcommerce.com/"(file:///E:/Cucumber/Cucumber/src/test/java/FeatureFile/nopcommerce.feature:4)
]]>
            </full-stacktrace>
          </exception> <!-- java.lang.NullPointerException -->
          <reporter-output>
          </reporter-output>
        </test-method> <!-- runScenario -->
        <test-method is-config="true" signature="tearDownClass()[pri:0, instance:com.nopcommerce.runner.RunnerClassNopCommerce@302c971f]" started-at="2022-12-14T12:01:47 IST" name="tearDownClass" finished-at="2022-12-14T12:01:48 IST" duration-ms="19" status="PASS">
          <reporter-output>
          </reporter-output>
        </test-method> <!-- tearDownClass -->
        <test-method is-config="true" signature="browserQuit()[pri:0, instance:com.nopcommerce.runner.RunnerClassNopCommerce@302c971f]" started-at="2022-12-14T12:01:48 IST" name="browserQuit" finished-at="2022-12-14T12:01:49 IST" duration-ms="968" status="PASS">
          <reporter-output>
          </reporter-output>
        </test-method> <!-- browserQuit -->
      </class> <!-- com.nopcommerce.runner.RunnerClassNopCommerce -->
    </test> <!-- Default test -->
  </suite> <!-- Default suite -->
</testng-results>
