<?xml version="1.0" encoding="UTF-8"?>
<!-- Generated by org.testng.reporters.JUnitReportReporter -->
<testsuite hostname="DESKTOP-4RVIL0V" failures="0" tests="1" name="com.nopcommerce.runner.RunnerClassNopCommerce" time="0.469" errors="1" timestamp="2022-12-14T12:01:49 IST" skipped="0">
  <testcase classname="com.nopcommerce.runner.RunnerClassNopCommerce" name="runScenario" time="0.469">
    <error message="Cannot invoke &quot;org.openqa.selenium.WebDriver.get(String)&quot; because &quot;this.driver&quot; is null" type="java.lang.NullPointerException">
      <![CDATA[java.lang.NullPointerException: Cannot invoke "org.openqa.selenium.WebDriver.get(String)" because "this.driver" is null
at com.base.BaseClass.url(BaseClass.java:91)
at com.nopcommerce.step.StepClassNopCommerce.userShouldNavigateToNopcommerceUrl(StepClassNopCommerce.java:16)
at ✽.user should navigate to nopcommerce url "https://demo.nopcommerce.com/"(file:///E:/Cucumber/Cucumber/src/test/java/FeatureFile/nopcommerce.feature:4)
]]>
    </error>
  </testcase> <!-- runScenario -->
  <system-out/>
</testsuite> <!-- com.nopcommerce.runner.RunnerClassNopCommerce -->
